"../../../Engine/Content/Functions/Engine_MaterialFunctions02/Utility/VectorLength.uasset" 0
"../../../Engine/Content/Functions/Engine_MaterialFunctions02/ScreenResolution.uasset" 1
"../../../Engine/Content/EditorMaterials/GeometryCollection/SelectedGeometryMaterial.uasset" 2
"../../../Engine/Content/BasicShapes/BasicShapeMaterial.uasset" 3
"D:/Unreal Projects/TheHunt/Content/Cube_GeometryCollection.uasset" 4
"D:/Unreal Projects/TheHunt/Content/Geometry/Meshes/CubeMaterial.uasset" 5
"D:/Unreal Projects/TheHunt/Content/Geometry/Meshes/1M_Cube.uasset" 6
"D:/Unreal Projects/TheHunt/Content/Blueprints/Vibrations/Impact_FFB.uasset" 7
"D:/Unreal Projects/TheHunt/Content/FX/Decals/LaserHole.uasset" 8
"D:/Unreal Projects/TheHunt/Content/FX/Decals/LaserHole_Mat.uasset" 9
"D:/Unreal Projects/TheHunt/Content/FX/LaserBeam/M_LaserBeam.uasset" 10
"D:/Unreal Projects/TheHunt/Content/FX/LaserBeam/P_LaserBeam.uasset" 11
"D:/Unreal Projects/TheHunt/Content/FXVarietyPack/Textures/T_ky_bg_LC.uasset" 12
"D:/Unreal Projects/TheHunt/Content/FXVarietyPack/Materials/M_ky_subUV_dynRGB.uasset" 13
"D:/Unreal Projects/TheHunt/Content/FXVarietyPack/Textures/T_ky_flare25_4x4.uasset" 14
"D:/Unreal Projects/TheHunt/Content/FXVarietyPack/Materials/MI_ky_flare25_4x4.uasset" 15
"../../../Engine/Content/Functions/Engine_MaterialFunctions02/Fresnel_Function.uasset" 16
"../../../Engine/Content/Functions/Engine_MaterialFunctions01/Density/ExponentialDensity.uasset" 17
"../../../Engine/Content/Functions/Engine_MaterialFunctions01/Gradient/RadialGradientExponential.uasset" 18
"D:/Unreal Projects/TheHunt/Content/FXVarietyPack/Textures/T_ky_noise6.uasset" 19
"D:/Unreal Projects/TheHunt/Content/FXVarietyPack/Materials/M_ky_primitive.uasset" 20
"D:/Unreal Projects/TheHunt/Content/FXVarietyPack/Materials/MI_ky_primitive2b_trs.uasset" 21
"D:/Unreal Projects/TheHunt/Content/FXVarietyPack/Particles/P_ky_hit1.uasset" 22
"D:/Unreal Projects/TheHunt/Content/Blueprints/AC_IK_Feet.uasset" 23
"D:/Unreal Projects/TheHunt/Content/Mannequin/Character/Mesh/UE4_Mannequin_Skeleton.uasset" 24
"../../../Engine/Content/Animation/DefaultAnimCurveCompressionSettings.uasset" 25
"../../../Engine/Content/Animation/DefaultAnimBoneCompressionSettings.uasset" 26
"D:/Unreal Projects/TheHunt/Content/Mannequin/Animations/TESTidle_02_60fps.uasset" 27
"D:/Unreal Projects/TheHunt/Content/Mannequin/Animations/HunterRun_Paola_ANIM.uasset" 28
"D:/Unreal Projects/TheHunt/Content/Mannequin/Animations/ThirdPerson_IdleRun_2D.uasset" 29
"../../../Engine/Content/EditorBlueprintResources/StandardMacros.uasset" 30
"D:/Unreal Projects/TheHunt/Content/Mannequin/Animations/ThirdPerson_AnimBP.uasset" 31
"D:/Unreal Projects/TheHunt/Content/Materials/TEXTURING/FX/ShieldTex.uasset" 32
"D:/Unreal Projects/TheHunt/Content/Materials/TEXTURING/FX/Shield_Mat.uasset" 33
"../../../Engine/Content/EngineMaterials/T_Default_Material_Grid_N.uasset" 34
"../../../Engine/Content/EngineMaterials/T_Default_Material_Grid_M.uasset" 35
"../../../Engine/Content/Functions/Engine_MaterialFunctions01/Opacity/CameraDepthFade.uasset" 36
"../../../Engine/Content/EngineMaterials/WorldGridMaterial.uasset" 37
"../../Plugins/Enterprise/DatasmithContent/Content/Meshes/sphere.uasset" 38
"../../../Engine/Content/EditorMeshes/SkeletalMesh/DefaultSkeletalMesh_Skeleton.uasset" 39
"../../../Engine/Content/EditorMeshes/SkeletalMesh/DefaultSkeletalMesh.uasset" 40
"D:/Unreal Projects/TheHunt/Content/Materials/DestroyEnvironment_MAT.uasset" 41
"D:/Unreal Projects/TheHunt/Content/Blueprints/Environment/DestroyEnvionment.uasset" 42
"D:/Unreal Projects/TheHunt/Content/Blueprints/TirsModes/BP_NormalLaser.uasset" 43
"D:/Unreal Projects/TheHunt/Content/Blueprints/TirsModes/BP_EnnemiLaser.uasset" 44
"D:/Unreal Projects/TheHunt/Content/Blueprints/AI/DistantEnemy.uasset" 45
"D:/Unreal Projects/TheHunt/Content/Blueprints/AI/BE_BB.uasset" 46
"D:/Unreal Projects/TheHunt/Content/Blueprints/AI/IsPlayerAlive_Service.uasset" 47
"D:/Unreal Projects/TheHunt/Content/Blueprints/AI/AI_BT.uasset" 48
"D:/Unreal Projects/TheHunt/Content/Blueprints/AI/BE_AIController.uasset" 49
"../../../Engine/Content/EngineDebugMaterials/VertexColorViewMode_RedOnly.uasset" 50
"../../../Engine/Content/EngineMaterials/DefaultMaterial.uasset" 51
"../../../Engine/Content/BasicShapes/Cone.uasset" 52
"../../../Engine/Content/BasicShapes/Cylinder.uasset" 53
"D:/Unreal Projects/TheHunt/Content/StarterContent/Textures/T_Smoke_Tiled_D.uasset" 54
"D:/Unreal Projects/TheHunt/Content/StarterContent/Textures/T_Smoke_SubUV.uasset" 55
"D:/Unreal Projects/TheHunt/Content/StarterContent/Particles/Materials/M_smoke_subUV.uasset" 56
"../../../Engine/Content/Functions/Engine_MaterialFunctions01/Gradient/RadialGradient.uasset" 57
"D:/Unreal Projects/TheHunt/Content/StarterContent/Particles/Materials/M_radial_ramp.uasset" 58
"D:/Unreal Projects/TheHunt/Content/StarterContent/Particles/Materials/m_flare_01.uasset" 59
"D:/Unreal Projects/TheHunt/Content/StarterContent/Textures/T_Explosion_SubUV.uasset" 60
"D:/Unreal Projects/TheHunt/Content/StarterContent/Particles/Materials/M_explosion_subUV.uasset" 61
"D:/Unreal Projects/TheHunt/Content/StarterContent/Textures/T_Burst_M.uasset" 62
"D:/Unreal Projects/TheHunt/Content/StarterContent/Particles/Materials/M_Burst.uasset" 63
"D:/Unreal Projects/TheHunt/Content/StarterContent/Particles/P_Explosion.uasset" 64
"D:/Unreal Projects/TheHunt/Content/Blueprints/AI/BombEnemy.uasset" 65
"D:/Unreal Projects/TheHunt/Content/UI/Images/TEX_UI_Pause-Menu_Gun_Test.uasset" 66
"D:/Unreal Projects/TheHunt/Content/UI/Images/TEX_UI_Pause-Menu_Background.uasset" 67
"D:/Unreal Projects/TheHunt/Content/UI/Images/TEX_UI_Pause-Menu_Alien-Piece_Test.uasset" 68
"D:/Unreal Projects/TheHunt/Content/UI/Fonts/Red_World.uasset" 69
"D:/Unreal Projects/TheHunt/Content/UI/Fonts/Red_World_Font.uasset" 70
"D:/Unreal Projects/TheHunt/Content/UI/Menus/LaserWeaponMenu.uasset" 71
"D:/Unreal Projects/TheHunt/Content/UI/Menus/QuitGameQuestion.uasset" 72
"D:/Unreal Projects/TheHunt/Content/UI/Images/RT_UI_Gun.uasset" 73
"D:/Unreal Projects/TheHunt/Content/UI/Images/MAT_RT_UI_Gun.uasset" 74
"D:/Unreal Projects/TheHunt/Content/UI/Fonts/WARNING.uasset" 75
"D:/Unreal Projects/TheHunt/Content/UI/Fonts/WARNING_Font.uasset" 76
"D:/Unreal Projects/TheHunt/Content/UI/Menus/PauseMenu.uasset" 77
"D:/Unreal Projects/TheHunt/Content/Blueprints/Interfaces/RotateOwnerBP.uasset" 78
"D:/Unreal Projects/TheHunt/Content/Blueprints/Vibrations/Shot_FFB.uasset" 79
"D:/Unreal Projects/TheHunt/Content/Materials/TEXTURING/tesselatedSand/SandTesselation2.uasset" 80
"D:/Unreal Projects/TheHunt/Content/Materials/ThermicVision/Thermal_Param.uasset" 81
"D:/Unreal Projects/TheHunt/Content/Materials/ThermicVision/NoiseMask.uasset" 82
"D:/Unreal Projects/TheHunt/Content/Materials/ThermicVision/Thermal_PP.uasset" 83
"D:/Unreal Projects/TheHunt/Content/Materials/ThermicVision/Thermal_PP_Inst.uasset" 84
"../../../Engine/Content/BasicShapes/Plane.uasset" 85
"D:/Unreal Projects/TheHunt/Content/Mannequin/Character/Materials/MaterialLayers/T_ML_Rubber_Blue_01_N.uasset" 86
"D:/Unreal Projects/TheHunt/Content/Mannequin/Character/Materials/MaterialLayers/T_ML_Rubber_Blue_01_D.uasset" 87
"D:/Unreal Projects/TheHunt/Content/Mannequin/Character/Materials/MaterialLayers/ML_GlossyBlack_Latex_UE4.uasset" 88
"../../../Engine/Content/Functions/MaterialLayerFunctions/MatLayerBlend_Simple.uasset" 89
"../../../Engine/Content/Functions/Engine_MaterialFunctions02/Utility/BlendAngleCorrectedNormals.uasset" 90
"../../../Engine/Content/Functions/MaterialLayerFunctions/MatLayerBlend_NormalBlend.uasset" 91
"D:/Unreal Projects/TheHunt/Content/Mannequin/Character/Textures/T_UE4Logo_Mask.uasset" 92
"D:/Unreal Projects/TheHunt/Content/Mannequin/Character/Textures/T_Male_N.uasset" 93
"D:/Unreal Projects/TheHunt/Content/Mannequin/Character/Textures/T_Male_Mask.uasset" 94
"D:/Unreal Projects/TheHunt/Content/Mannequin/Character/Materials/MaterialLayers/T_ML_Aluminum01_N.uasset" 95
"D:/Unreal Projects/TheHunt/Content/Mannequin/Character/Materials/MaterialLayers/T_ML_Aluminum01.uasset" 96
"D:/Unreal Projects/TheHunt/Content/Mannequin/Character/Materials/MaterialLayers/ML_SoftMetal_UE4.uasset" 97
"D:/Unreal Projects/TheHunt/Content/Mannequin/Character/Materials/MaterialLayers/ML_Plastic_Shiny_Beige_LOGO.uasset" 98
"D:/Unreal Projects/TheHunt/Content/Mannequin/Character/Materials/MaterialLayers/ML_Plastic_Shiny_Beige.uasset" 99
"D:/Unreal Projects/TheHunt/Content/Mannequin/Character/Materials/M_Male_Body.uasset" 100
"D:/Unreal Projects/TheHunt/Content/Mannequin/Character/Mesh/SK_Mannequin_PhysicsAsset.uasset" 101
"D:/Unreal Projects/TheHunt/Content/Mannequin/Character/Textures/T_UE4Logo_N.uasset" 102
"D:/Unreal Projects/TheHunt/Content/Mannequin/Character/Materials/M_UE4Man_ChestLogo.uasset" 103
"D:/Unreal Projects/TheHunt/Content/Mannequin/Character/Mesh/SK_Mannequin.uasset" 104
"D:/Unreal Projects/TheHunt/Content/Materials/TEXTURING/tesselatedSand/sandtesselated.uasset" 105
"D:/Unreal Projects/TheHunt/Content/UI/HUD/BulletTimeScreen.uasset" 106
"D:/Unreal Projects/TheHunt/Content/UI/HUD/DamageScreen.uasset" 107
"D:/Unreal Projects/TheHunt/Content/UI/Images/ShotgunShot/TEX_UI_Crosshair-Shotgun_shoot.uasset" 108
"D:/Unreal Projects/TheHunt/Content/UI/Images/ShotgunShot/TEX_UI_Crosshair-Shotgun_Normal_chauffe2.uasset" 109
"D:/Unreal Projects/TheHunt/Content/UI/Images/ShotgunShot/TEX_UI_Crosshair-Shotgun_Normal_chauffe1.uasset" 110
"D:/Unreal Projects/TheHunt/Content/UI/Images/ShotgunShot/TEX_UI_Crosshair-Shotgun_chauffe2.uasset" 111
"D:/Unreal Projects/TheHunt/Content/UI/Images/ShotgunShot/TEX_UI_Crosshair-Shotgun_chauffe1.uasset" 112
"D:/Unreal Projects/TheHunt/Content/UI/Images/ShotgunShot/TEX_UI_Crosshair-Shotgun.uasset" 113
"D:/Unreal Projects/TheHunt/Content/UI/Images/Selection/TEX_UI_Gun_icone_Pompe.uasset" 114
"D:/Unreal Projects/TheHunt/Content/UI/Images/Selection/TEX_UI_Gun_icone_Normal.uasset" 115
"D:/Unreal Projects/TheHunt/Content/UI/Images/Selection/TEX_UI_Gun_icone_Laser.uasset" 116
"D:/Unreal Projects/TheHunt/Content/UI/Images/PlayerHUD/TEX_UI_HUD_Shield-Bar_Full.uasset" 117
"D:/Unreal Projects/TheHunt/Content/UI/Images/PlayerHUD/TEX_UI_HUD_Shield-Bar.uasset" 118
"D:/Unreal Projects/TheHunt/Content/UI/Images/PlayerHUD/TEX_UI_HUD_HP-Bar.uasset" 119
"D:/Unreal Projects/TheHunt/Content/UI/Images/PlayerHUD/TEX_UI_HUD_Bullet-Bar_Full.uasset" 120
"D:/Unreal Projects/TheHunt/Content/UI/Images/PlayerHUD/TEX_UI_HUD_Bullet-Bar.uasset" 121
"D:/Unreal Projects/TheHunt/Content/UI/Images/NormalShot/TEX_UI_Crosshair-Normal_Normal_chauffe2.uasset" 122
"D:/Unreal Projects/TheHunt/Content/UI/Images/NormalShot/TEX_UI_Crosshair-Normal_Normal_chauffe1.uasset" 123
"D:/Unreal Projects/TheHunt/Content/UI/Images/NormalShot/TEX_UI_Crosshair-Normal_chauffe2.uasset" 124
"D:/Unreal Projects/TheHunt/Content/UI/Images/NormalShot/TEX_UI_Crosshair-Normal_chauffe1.uasset" 125
"D:/Unreal Projects/TheHunt/Content/UI/Images/NormalShot/HUD-V2_aim_shoot.uasset" 126
"D:/Unreal Projects/TheHunt/Content/UI/Images/NormalShot/HUD-V2_aim_normal.uasset" 127
"D:/Unreal Projects/TheHunt/Content/UI/Images/BounceShot/TEX_UI_Crosshair-Laser_shoot.uasset" 128
"D:/Unreal Projects/TheHunt/Content/UI/Images/BounceShot/TEX_UI_Crosshair-Laser_Normal_chauffe2.uasset" 129
"D:/Unreal Projects/TheHunt/Content/UI/Images/BounceShot/TEX_UI_Crosshair-Laser_Normal_chauffe1.uasset" 130
"D:/Unreal Projects/TheHunt/Content/UI/Images/BounceShot/TEX_UI_Crosshair-Laser_chauffe2.uasset" 131
"D:/Unreal Projects/TheHunt/Content/UI/Images/BounceShot/TEX_UI_Crosshair-Laser_chauffe1.uasset" 132
"D:/Unreal Projects/TheHunt/Content/UI/Images/BounceShot/TEX_UI_Crosshair-Laser.uasset" 133
"D:/Unreal Projects/TheHunt/Content/UI/Images/PlayerHUD/TEX_UI_HUD_HP-Bar_Full.uasset" 134
"D:/Unreal Projects/TheHunt/Content/InfinityBladeEffects/Effects/FX_Textures/Gradient/T_SoftFallOff.uasset" 135
"../../../Engine/Content/EngineResources/Black.uasset" 136
"D:/Unreal Projects/TheHunt/Content/InfinityBladeEffects/Effects/Masters/M_Add_Sprite_Master_DepthFade.uasset" 137
"D:/Unreal Projects/TheHunt/Content/InfinityBladeEffects/Effects/FX_Materials/Gradient/M_Flare_03_INST.uasset" 138
"D:/Unreal Projects/TheHunt/Content/InfinityBladeEffects/Effects/FX_Treasure/Chest/P_TreasureChest_CallOut_loop_Tier1.uasset" 139
"../../Plugins/Runtime/Oculus/OculusVR/Content/Textures/TouchForQuestRiftSController_albedo.uasset" 140
"../../Plugins/Runtime/Oculus/OculusVR/Content/Materials/TouchForQuestRiftSControllerMaterial.uasset" 141
"../../Plugins/Runtime/Oculus/OculusVR/Content/Meshes/RightTouchForQuestRiftSController.uasset" 142
"D:/Unreal Projects/TheHunt/Content/Blueprints/Environment/UpgradePart.uasset" 143
"D:/Unreal Projects/TheHunt/Content/UI/HUD/PlayerWidget.uasset" 144
"D:/Unreal Projects/TheHunt/Content/UI/Menus/GameOverScreen.uasset" 145
"D:/Unreal Projects/TheHunt/Content/Blueprints/Hunter_BP.uasset" 146
"D:/Unreal Projects/TheHunt/Content/Blueprints/TirsModes/BP_BouncingLaserr.uasset" 147
"D:/Unreal Projects/TheHunt/Content/Blueprints/TirsModes/BP_ShotGunLaser.uasset" 148
"D:/Unreal Projects/TheHunt/Content/Blueprints/TirsModes/BP_BouncingLaserrTest.uasset" 149
"D:/Unreal Projects/TheHunt/Content/Materials/Overheat_MAT.uasset" 150
"D:/Unreal Projects/TheHunt/Content/FXVarietyPack/Meshes/SM_ky_windSmokeVertRot.uasset" 151
"D:/Unreal Projects/TheHunt/Content/FXVarietyPack/Meshes/SM_ky_planeBend.uasset" 152
"D:/Unreal Projects/TheHunt/Content/FXVarietyPack/Textures/T_ky_smoke1.uasset" 153
"D:/Unreal Projects/TheHunt/Content/FXVarietyPack/Materials/M_ky_smoke01.uasset" 154
"../../../Engine/Content/Functions/Engine_MaterialFunctions01/Gradient/LinearGradient.uasset" 155
"D:/Unreal Projects/TheHunt/Content/FXVarietyPack/Textures/T_ky_noise5.uasset" 156
"../../../Engine/Content/EngineResources/DefaultTexture.uasset" 157
"D:/Unreal Projects/TheHunt/Content/FXVarietyPack/Materials/Mfunction/MF_ky_TexController.uasset" 158
"D:/Unreal Projects/TheHunt/Content/FXVarietyPack/Materials/Mfunction/MF_ky_TexController_primitive.uasset" 159
"D:/Unreal Projects/TheHunt/Content/FXVarietyPack/Textures/T_ky_deco_doom.uasset" 160
"D:/Unreal Projects/TheHunt/Content/FXVarietyPack/Materials/M_ky_aura9.uasset" 161
"D:/Unreal Projects/TheHunt/Content/FXVarietyPack/Materials/MI_ky_aura9.uasset" 162
"D:/Unreal Projects/TheHunt/Content/FXVarietyPack/Textures/T_ky_flare_a.uasset" 163
"D:/Unreal Projects/TheHunt/Content/FXVarietyPack/Materials/M_ky_flare_flash.uasset" 164
"D:/Unreal Projects/TheHunt/Content/FXVarietyPack/Materials/MI_ky_flare_flash_trs.uasset" 165
"D:/Unreal Projects/TheHunt/Content/FXVarietyPack/Textures/T_ky_decoLinesB.uasset" 166
"D:/Unreal Projects/TheHunt/Content/FXVarietyPack/Textures/T_ky_decoLines.uasset" 167
"D:/Unreal Projects/TheHunt/Content/FXVarietyPack/Materials/Mfunction/MF_ky_VectorToRadialValue.uasset" 168
"D:/Unreal Projects/TheHunt/Content/FXVarietyPack/Materials/M_ky_polar.uasset" 169
"D:/Unreal Projects/TheHunt/Content/FXVarietyPack/Materials/MI_ky_polarC_two.uasset" 170
"D:/Unreal Projects/TheHunt/Content/FXVarietyPack/Materials/M_ky_empty.uasset" 171
"D:/Unreal Projects/TheHunt/Content/FXVarietyPack/Textures/T_ky_flare3.uasset" 172
"D:/Unreal Projects/TheHunt/Content/FXVarietyPack/Textures/T_ky_maskRGB5.uasset" 173
"D:/Unreal Projects/TheHunt/Content/FXVarietyPack/Materials/M_ky_flarePillar.uasset" 174
"D:/Unreal Projects/TheHunt/Content/FXVarietyPack/Meshes/SM_ky_quads.uasset" 175
"D:/Unreal Projects/TheHunt/Content/FXVarietyPack/Textures/T_ky_flareVert.uasset" 176
"D:/Unreal Projects/TheHunt/Content/FXVarietyPack/Materials/M_ky_flareVert.uasset" 177
"D:/Unreal Projects/TheHunt/Content/FXVarietyPack/Particles/P_ky_shotShockwave.uasset" 178
"D:/Unreal Projects/TheHunt/Content/Blueprints/TirsModes/Blaster_BP.uasset" 179
"D:/Unreal Projects/TheHunt/Content/Blueprints/Blaster_BP.uasset" 180
"D:/Unreal Projects/TheHunt/Content/Blueprints/Blaster.uasset" 181
"D:/Unreal Projects/TheHunt/Content/Blueprints/DestroyEnvionment.uasset" 182
"D:/Unreal Projects/TheHunt/Content/Geometry/Meshs/WreckLooters/Caisse.uasset" 183
"D:/Unreal Projects/TheHunt/Content/Geometry/Meshs/WreckLooters/Caisse_Inst.uasset" 184
"D:/Unreal Projects/TheHunt/Content/Materials/TEXTURING/Tank/Tank_L_1001_Roughness.uasset" 185
"D:/Unreal Projects/TheHunt/Content/Materials/TEXTURING/Tank/Tank_L_1001_Normal.uasset" 186
"D:/Unreal Projects/TheHunt/Content/Materials/TEXTURING/Tank/Tank_L_1001_Metallic.uasset" 187
"D:/Unreal Projects/TheHunt/Content/Materials/TEXTURING/Tank/Tank_L_1001_Height.uasset" 188
"D:/Unreal Projects/TheHunt/Content/Materials/TEXTURING/Tank/Tank_L_1001_Emissive.uasset" 189
"D:/Unreal Projects/TheHunt/Content/Materials/TEXTURING/Tank/Tank_L_1001_BaseColor.uasset" 190
"D:/Unreal Projects/TheHunt/Content/Materials/TEXTURING/Tank/tank.uasset" 191
"D:/Unreal Projects/TheHunt/Content/Materials/TEXTURING/Tank/tank_Inst.uasset" 192
"D:/Unreal Projects/TheHunt/Content/Geometry/Meshs/WreckLooters/Tank1.uasset" 193
"D:/Unreal Projects/TheHunt/Content/Blueprints/Environment/LootBox.uasset" 194
"D:/Unreal Projects/TheHunt/Content/Blueprints/LootBox.uasset" 195
"D:/Unreal Projects/TheHunt/Content/Blueprints/ThirdPersonCharacter.uasset" 196
"D:/Unreal Projects/TheHunt/Content/Blueprints/AI/Explosion_Task.uasset" 197
"D:/Unreal Projects/TheHunt/Content/FX/LaserTrack/RedLaserTrack/BP_BouncingLaser.uasset" 198
"D:/Unreal Projects/TheHunt/Content/FX/LaserTrack/RedLaserTrack/BP_BouncingLaserr.uasset" 199
"D:/Unreal Projects/TheHunt/Content/FX/LaserTrack/RedLaserTrack/BP_EnnemiLaser.uasset" 200
"D:/Unreal Projects/TheHunt/Content/FX/LaserTrack/RedLaserTrack/BP_ShotGunLaser.uasset" 201
"D:/Unreal Projects/TheHunt/Content/FX/LaserTrack/RedLaserTrack/BP_NormalLaser.uasset" 202
"D:/Unreal Projects/TheHunt/Content/FX/LaserTrack/RedLaserTrack/B_Laser.uasset" 203
"D:/Unreal Projects/TheHunt/Content/FX/LaserTrack/RedLaserTrack/M_Laser.uasset" 204
"D:/Unreal Projects/TheHunt/Content/Geometry/Meshes/Default_OBJ_001.uasset" 205
"D:/Unreal Projects/TheHunt/Content/Geometry/Meshes/RocherDesertLOW.uasset" 206
"D:/Unreal Projects/TheHunt/Content/Materials/TEXTURING/noises/T_Smoke_Tiled_D.uasset" 207
"D:/Unreal Projects/TheHunt/Content/Materials/TEXTURING/alien_material/Triangles_triangles.uasset" 208
"D:/Unreal Projects/TheHunt/Content/Materials/TEXTURING/alien_material/Triangles_roughness.uasset" 209
"D:/Unreal Projects/TheHunt/Content/Materials/TEXTURING/alien_material/Triangles_normal2.uasset" 210
"D:/Unreal Projects/TheHunt/Content/Materials/TEXTURING/alien_material/Triangles_normal1.uasset" 211
"D:/Unreal Projects/TheHunt/Content/Materials/TEXTURING/alien_material/Triangles_height2.uasset" 212
"D:/Unreal Projects/TheHunt/Content/Materials/TEXTURING/alien_material/Triangles_height1.uasset" 213
"D:/Unreal Projects/TheHunt/Content/Materials/TEXTURING/alien_material/Triangles_basecolor.uasset" 214
"D:/Unreal Projects/TheHunt/Content/Materials/TEXTURING/alien_material/Triangles_ambientocclusion.uasset" 215
"D:/Unreal Projects/TheHunt/Content/Materials/TEXTURING/alien_material/Triangles.uasset" 216
"D:/Unreal Projects/TheHunt/Content/Materials/TEXTURING/alien_material/Triangles_Inst.uasset" 217
"D:/Unreal Projects/TheHunt/Content/Geometry/Meshs/Aliens/CorridorAlienSpaceShip.uasset" 218
"D:/Unreal Projects/TheHunt/Content/Geometry/Meshs/Rocks/Blockout/Rocks.uasset" 219
"D:/Unreal Projects/TheHunt/Content/Geometry/Meshs/Rocks/Blockout/Rocks_Inst.uasset" 220
"D:/Unreal Projects/TheHunt/Content/Geometry/Meshs/Rocks/Blockout/MES_ENV_NAT_Struct_BlockoutRocks_Cube_003.uasset" 221
"D:/Unreal Projects/TheHunt/Content/Geometry/Meshs/Rocks/Blockout/MES_ENV_NAT_Struct_BlockoutRocks_Cube_004.uasset" 222
"D:/Unreal Projects/TheHunt/Content/Geometry/Meshs/Rocks/Blockout/MES_ENV_NAT_Struct_BlockoutRocks_Cube_005.uasset" 223
"D:/Unreal Projects/TheHunt/Content/Materials/TEXTURING/Tank/tank_Inst1.uasset" 224
"D:/Unreal Projects/TheHunt/Content/Geometry/Meshs/WreckLooters/Tank_L_Object040.uasset" 225
"D:/Unreal Projects/TheHunt/Content/Geometry/Meshs/WreckLooters/Tank_L_Cylinder067.uasset" 226
"D:/Unreal Projects/TheHunt/Content/Geometry/Meshs/WreckLooters/NewBlueprint.uasset" 227
"D:/Unreal Projects/TheHunt/Content/Levels/ThirdPersonExampleMap.uasset" 228
"D:/Unreal Projects/TheHunt/Content/Levels/Henri_Map_BuiltData.uasset" 229
"D:/Unreal Projects/TheHunt/Content/Levels/ThirdPersonExampleMap_BuiltData.uasset" 230
"D:/Unreal Projects/TheHunt/Content/Mannequin/Animations/ThirdPersonIdle.uasset" 231
"D:/Unreal Projects/TheHunt/Content/Mannequin/Animations/ThirdPersonJump_End.uasset" 232
"D:/Unreal Projects/TheHunt/Content/Mannequin/Animations/ThirdPersonJump_Loop.uasset" 233
"D:/Unreal Projects/TheHunt/Content/Mannequin/Animations/ThirdPersonJump_Start.uasset" 234
"D:/Unreal Projects/TheHunt/Content/Mannequin/Animations/ThirdPersonRun.uasset" 235
"D:/Unreal Projects/TheHunt/Content/Mannequin/Animations/ThirdPersonWalk.uasset" 236
"D:/Unreal Projects/TheHunt/Content/Mannequin/Animations/ThirdPerson_Jump.uasset" 237
"D:/Unreal Projects/TheHunt/Content/Mannequin/Character/Materials/PreVisual.uasset" 238
"D:/Unreal Projects/TheHunt/Content/Mannequin/Character/Textures/T_Female_N.uasset" 239
"D:/Unreal Projects/TheHunt/Content/Mannequin/Character/Textures/T_Female_Mask.uasset" 240
"D:/Unreal Projects/TheHunt/Content/Mannequin/Character/Materials/MI_Female_Body.uasset" 241
"D:/Unreal Projects/TheHunt/Content/Mannequin/Character/Mesh/SK_Mannequin_Female_PhysicsAsset.uasset" 242
"D:/Unreal Projects/TheHunt/Content/Mannequin/Character/Mesh/SK_Mannequin_Female.uasset" 243
"D:/Unreal Projects/TheHunt/Content/Materials/TEXTURING/alien_material/Triangles_metallic.uasset" 244
"D:/Unreal Projects/TheHunt/Content/Materials/TEXTURING/alien_material/Triangles_normal.uasset" 245
"D:/Unreal Projects/TheHunt/Content/Materials/TEXTURING/Mat/sand/SableWaves_INST_roughness.uasset" 246
"D:/Unreal Projects/TheHunt/Content/Materials/TEXTURING/Mat/sand/SableWaves_INST_height.uasset" 247
"D:/Unreal Projects/TheHunt/Content/Materials/TEXTURING/Mat/sand/SableWaves_INST_basecolor.uasset" 248
"D:/Unreal Projects/TheHunt/Content/Materials/TEXTURING/noises/T_Perlin_Noise_M.uasset" 249
"../../../Engine/Content/EngineMaterials/Good64x64TilingNoiseHighFreq.uasset" 250
"../../../Engine/Content/Functions/Engine_MaterialFunctions02/Utility/MakeFloat2.uasset" 251
"../../../Engine/Content/Functions/Engine_MaterialFunctions02/Texturing/ScreenAlignedPixelToPixelUVs.uasset" 252
"../../../Engine/Content/Functions/Engine_MaterialFunctions02/Utility/DitherTemporalAA.uasset" 253
"../../../Engine/Content/Functions/Engine_MaterialFunctions02/Utility/BreakOutFloat2Components.uasset" 254
"../../../Engine/Content/Functions/Engine_MaterialFunctions02/Texturing/CustomRotator.uasset" 255
"D:/Unreal Projects/TheHunt/Content/Materials/TEXTURING/FX/DustWindSand.uasset" 256
"D:/Unreal Projects/TheHunt/Content/Materials/TEXTURING/FX/DustWindSand_Inst.uasset" 257
"D:/Unreal Projects/TheHunt/Content/Materials/TEXTURING/FX/81dvAPpe7iL__AC_SY355_.uasset" 258
"D:/Unreal Projects/TheHunt/Content/Materials/TEXTURING/FX/FallingSand.uasset" 259
"D:/Unreal Projects/TheHunt/Content/Materials/TEXTURING/FX/FallingSand_Inst.uasset" 260
"D:/Unreal Projects/TheHunt/Content/Materials/TEXTURING/FX/Decals/pas_ambientocclusion.uasset" 261
"../../../Engine/Content/Functions/Engine_MaterialFunctions01/Texturing/FlattenNormal.uasset" 262
"D:/Unreal Projects/TheHunt/Content/Materials/TEXTURING/FX/Decals/pas_roughness.uasset" 263
"D:/Unreal Projects/TheHunt/Content/Materials/TEXTURING/FX/Decals/pas_Opacity.uasset" 264
"D:/Unreal Projects/TheHunt/Content/Materials/TEXTURING/FX/Decals/pas_normal.uasset" 265
"D:/Unreal Projects/TheHunt/Content/Materials/TEXTURING/FX/Decals/pas_height.uasset" 266
"D:/Unreal Projects/TheHunt/Content/Materials/TEXTURING/FX/Decals/pas_basecolor.uasset" 267
"D:/Unreal Projects/TheHunt/Content/Materials/TEXTURING/FX/Decals/Tracedepas.uasset" 268
"D:/Unreal Projects/TheHunt/Content/Materials/TEXTURING/FX/Decals/Tracedepas_Inst.uasset" 269
"D:/Unreal Projects/TheHunt/Content/Materials/TEXTURING/hardsurface/DupuyPaolo_EX3_piecemechanique_Low_1001_Emissive.uasset" 270
"D:/Unreal Projects/TheHunt/Content/Materials/TEXTURING/hardsurface/DupuyPaolo_EX3_piecemechanique_Low_1001_Height.uasset" 271
"D:/Unreal Projects/TheHunt/Content/Materials/TEXTURING/Mat/Rock/rochecanyonlignes_INST_basecolor.uasset" 272
"D:/Unreal Projects/TheHunt/Content/Materials/TEXTURING/Mat/Rock/rochecanyonlignes_INST_roughness.uasset" 273
"D:/Unreal Projects/TheHunt/Content/Materials/TEXTURING/Mat/sand/SableWaves_INST_normal.uasset" 274
"D:/Unreal Projects/TheHunt/Content/Materials/TEXTURING/Mat/sand/SableWaves_INST_ambientocclusion.uasset" 275
"D:/Unreal Projects/TheHunt/Content/Materials/TEXTURING/Mat/sand/SandWaves.uasset" 276
"D:/Unreal Projects/TheHunt/Content/Materials/TEXTURING/Mat/sand/NewMaterial1.uasset" 277
"D:/Unreal Projects/TheHunt/Content/Materials/TEXTURING/Mat/sand/NewMaterial1_Inst.uasset" 278
"D:/Unreal Projects/TheHunt/Content/Materials/TEXTURING/Mat/sand/NewMaterial1_Inst_Inst.uasset" 279
"../../../Engine/Content/Functions/Engine_MaterialFunctions01/ImageAdjustment/CheapContrast.uasset" 280
"../../../Engine/Content/EngineMaterials/DefaultDiffuse.uasset" 281
"../../../Engine/Content/Functions/Engine_MaterialFunctions01/Texturing/WorldAlignedTexture_SeperateChannels.uasset" 282
"D:/Unreal Projects/TheHunt/Content/Materials/TEXTURING/Rochers/TEX/RocherDesertLOW_1001_Normal.uasset" 283
"D:/Unreal Projects/TheHunt/Content/Materials/TEXTURING/Rochers/TEX/RocherDesertLOW_1001_BaseColor.uasset" 284
"D:/Unreal Projects/TheHunt/Content/Materials/TEXTURING/Rochers/roches/roche_grise_4/roche_grise___4_roughness.uasset" 285
"D:/Unreal Projects/TheHunt/Content/Materials/TEXTURING/Rochers/roches/roche_grise_4/roche_grise___4_normal.uasset" 286
"D:/Unreal Projects/TheHunt/Content/Materials/TEXTURING/Rochers/roches/roche_grise_4/roche_grise___4_ambientocclusion.uasset" 287
"D:/Unreal Projects/TheHunt/Content/Materials/TEXTURING/Mat/Rock/rochecanyonlignes_INST_normal.uasset" 288
"D:/Unreal Projects/TheHunt/Content/Materials/TEXTURING/Mat/Rock/rochecanyonlignes_INST_height.uasset" 289
"D:/Unreal Projects/TheHunt/Content/Materials/TEXTURING/Mat/Rock/rochecanyonlignes_INST_ambientocclusion.uasset" 290
"../../../Engine/Content/Functions/Engine_MaterialFunctions02/Utility/MakeFloat3.uasset" 291
"../../../Engine/Content/Functions/Engine_MaterialFunctions02/Utility/BreakOutFloat3Components.uasset" 292
"../../../Engine/Content/Functions/Engine_MaterialFunctions02/Math/Transform3x3Matrix.uasset" 293
"../../../Engine/Content/Functions/Engine_MaterialFunctions02/SafeNormalize.uasset" 294
"../../../Engine/Content/Functions/Engine_MaterialFunctions02/Math/CreateThirdOrthogonalVector.uasset" 295
"../../../Engine/Content/EngineMaterials/BaseFlattenNormalMap.uasset" 296
"../../../Engine/Content/Functions/Engine_MaterialFunctions02/WorldAlignedNormals_HighQuality.uasset" 297
"../../../Engine/Content/EngineMaterials/DefaultNormal_Uncompressed.uasset" 298
"../../../Engine/Content/Functions/Engine_MaterialFunctions01/Texturing/WorldAlignedNormal.uasset" 299
"../../../Engine/Content/Functions/Engine_MaterialFunctions01/AlphaBlend/WorldAlignedBlend.uasset" 300
"D:/Unreal Projects/TheHunt/Content/Materials/TEXTURING/Rochers/roches/roche_grise_2/roche_grise___2_roughness.uasset" 301
"D:/Unreal Projects/TheHunt/Content/Materials/TEXTURING/Rochers/roches/roche_grise_2/roche_grise___2_normal.uasset" 302
"D:/Unreal Projects/TheHunt/Content/Materials/TEXTURING/Rochers/roches/roche_grise_2/roche_grise___2_basecolor.uasset" 303
"D:/Unreal Projects/TheHunt/Content/Materials/TEXTURING/Rochers/roches/roche_grise_2/roche_grise___2_ambientocclusion.uasset" 304
"D:/Unreal Projects/TheHunt/Content/Materials/TEXTURING/Rochers/rocher_desert/Rocher_master_desert.uasset" 305
"D:/Unreal Projects/TheHunt/Content/Materials/TEXTURING/Rochers/rocher_desert/Rocher_master_desert_Inst1.uasset" 306
"D:/Unreal Projects/TheHunt/Content/Materials/TEXTURING/Rochers/roches/roche_grise_4/roche_grise___4_basecolor.uasset" 307
"D:/Unreal Projects/TheHunt/Content/Materials/TEXTURING/Rochers/roches/roche_grise_4/roche_grise___4_height.uasset" 308
"D:/Unreal Projects/TheHunt/Content/Materials/TEXTURING/tesselatedSand/Sandtesselation.uasset" 309
"D:/Unreal Projects/TheHunt/Content/Materials/TEXTURING/FX/disque.uasset" 310
"D:/Unreal Projects/TheHunt/Content/Materials/TEXTURING/tesselatedSand/bp.uasset" 311
"D:/Unreal Projects/TheHunt/Content/Materials/TEXTURING/tesselatedSand/sandtesselated_SVT.uasset" 312
"D:/Unreal Projects/TheHunt/Content/Materials/TEXTURING/tesselatedSand/NewBlueprint.uasset" 313
"D:/Unreal Projects/TheHunt/Content/Materials/TEXTURING/tesselatedSand/SandTesselation2_Inst.uasset" 314
"D:/Unreal Projects/TheHunt/Content/Materials/TEXTURING/tesselatedSand/SandTesselationggg.uasset" 315
"D:/Unreal Projects/TheHunt/Content/Materials/TEXTURING/tesselatedSand/Sandtesselation_Inst.uasset" 316
"D:/Unreal Projects/TheHunt/Content/Materials/ThermicVision/BlackTransition_WID.uasset" 317
"D:/Unreal Projects/TheHunt/Content/UI/Cinematics/Introduction_video.uasset" 318
"D:/Unreal Projects/TheHunt/Content/UI/Cinematics/Intro.uasset" 319
"D:/Unreal Projects/TheHunt/Content/UI/Cinematics/BD_Outro_video.uasset" 320
"D:/Unreal Projects/TheHunt/Content/UI/Cinematics/Outro.uasset" 321
"D:/Unreal Projects/TheHunt/Content/UI/Fonts/Aliens_Among_Us.uasset" 322
"D:/Unreal Projects/TheHunt/Content/UI/Fonts/Aliens_Among_Us_Font.uasset" 323
"D:/Unreal Projects/TheHunt/Content/UI/Images/HUD-V2_aim_normal.uasset" 324
"D:/Unreal Projects/TheHunt/Content/UI/Images/HUD-V2_aim_shoot.uasset" 325
"D:/Unreal Projects/TheHunt/Content/UI/Images/TEX_UI_Crosshair-Laser.uasset" 326
"D:/Unreal Projects/TheHunt/Content/UI/Images/TEX_UI_Crosshair-Laser_chauffe1.uasset" 327
"D:/Unreal Projects/TheHunt/Content/UI/Images/TEX_UI_Crosshair-Laser_chauffe2.uasset" 328
"D:/Unreal Projects/TheHunt/Content/UI/Images/TEX_UI_Crosshair-Laser_Normal_chauffe1.uasset" 329
"D:/Unreal Projects/TheHunt/Content/UI/Images/TEX_UI_Crosshair-Laser_Normal_chauffe2.uasset" 330
"D:/Unreal Projects/TheHunt/Content/UI/Images/TEX_UI_Crosshair-Laser_shoot.uasset" 331
"D:/Unreal Projects/TheHunt/Content/UI/Images/TEX_UI_Crosshair-Normal_chauffe1.uasset" 332
"D:/Unreal Projects/TheHunt/Content/UI/Images/TEX_UI_Crosshair-Normal_chauffe2.uasset" 333
"D:/Unreal Projects/TheHunt/Content/UI/Images/TEX_UI_Crosshair-Normal_Normal_chauffe1.uasset" 334
"D:/Unreal Projects/TheHunt/Content/UI/Images/TEX_UI_Crosshair-Normal_Normal_chauffe2.uasset" 335
"D:/Unreal Projects/TheHunt/Content/UI/Images/TEX_UI_Crosshair-Shotgun.uasset" 336
"D:/Unreal Projects/TheHunt/Content/UI/Images/TEX_UI_Crosshair-Shotgun_chauffe1.uasset" 337
"D:/Unreal Projects/TheHunt/Content/UI/Images/TEX_UI_Crosshair-Shotgun_chauffe2.uasset" 338
"D:/Unreal Projects/TheHunt/Content/UI/Images/TEX_UI_Crosshair-Shotgun_Normal_chauffe1.uasset" 339
"D:/Unreal Projects/TheHunt/Content/UI/Images/TEX_UI_Crosshair-Shotgun_Normal_chauffe2.uasset" 340
"D:/Unreal Projects/TheHunt/Content/UI/Images/TEX_UI_Crosshair-Shotgun_shoot.uasset" 341
"D:/Unreal Projects/TheHunt/Content/UI/Images/TEX_UI_Gun_icone_Laser.uasset" 342
"D:/Unreal Projects/TheHunt/Content/UI/Images/Selection/TEX_UI_Gun_icone_Laser_selection.uasset" 343
"D:/Unreal Projects/TheHunt/Content/UI/Images/TEX_UI_Gun_icone_Laser_selection.uasset" 344
"D:/Unreal Projects/TheHunt/Content/UI/Images/TEX_UI_Gun_icone_Normal.uasset" 345
"D:/Unreal Projects/TheHunt/Content/UI/Images/Selection/TEX_UI_Gun_icone_Normal_selection.uasset" 346
"D:/Unreal Projects/TheHunt/Content/UI/Images/TEX_UI_Gun_icone_Normal_selection.uasset" 347
"D:/Unreal Projects/TheHunt/Content/UI/Images/TEX_UI_Gun_icone_Pompe.uasset" 348
"D:/Unreal Projects/TheHunt/Content/UI/Images/Selection/TEX_UI_Gun_icone_Pompe_selection.uasset" 349
"D:/Unreal Projects/TheHunt/Content/UI/Images/TEX_UI_Gun_icone_Pompe_selection.uasset" 350
"D:/Unreal Projects/TheHunt/Content/UI/Images/TEX_UI_HUD_Bullet-Bar.uasset" 351
"D:/Unreal Projects/TheHunt/Content/UI/Images/TEX_UI_HUD_Bullet-Bar_Full.uasset" 352
"D:/Unreal Projects/TheHunt/Content/UI/Images/TEX_UI_HUD_HP-Bar.uasset" 353
"D:/Unreal Projects/TheHunt/Content/UI/Images/TEX_UI_HUD_HP-Bar_Full.uasset" 354
"D:/Unreal Projects/TheHunt/Content/UI/Images/TEX_UI_HUD_Shield-Bar.uasset" 355
"D:/Unreal Projects/TheHunt/Content/UI/Images/TEX_UI_HUD_Shield-Bar_Full.uasset" 356
"D:/Unreal Projects/TheHunt/Content/UI/Images/Selection/TEX_UI_Manette-cross.uasset" 357
"D:/Unreal Projects/TheHunt/Content/UI/Images/TEX_UI_Manette-cross.uasset" 358
"../../../Engine/Content/BasicShapes/Cube.uasset" 359
"D:/Unreal Projects/TheHunt/Content/UI/Menus/BP_UI_Gun-view.uasset" 360
"D:/Unreal Projects/TheHunt/Content/UI/Cinematics/Intro_MP.uasset" 361
"D:/Unreal Projects/TheHunt/Content/UI/Cinematics/Intro_MP_Video.uasset" 362
"D:/Unreal Projects/TheHunt/Content/UI/Cinematics/Intro_MP_Video_Mat.uasset" 363
"D:/Unreal Projects/TheHunt/Content/UI/Menus/Intro_Widget.uasset" 364
"D:/Unreal Projects/TheHunt/Content/UI/Menus/Cinematic_Widget.uasset" 365
"D:/Unreal Projects/TheHunt/Content/UI/Fonts/Bespoke-LaaDCX2ge-.uasset" 366
"D:/Unreal Projects/TheHunt/Content/UI/Fonts/Bespoke-LaaDCX2ge-_Font.uasset" 367
"D:/Unreal Projects/TheHunt/Content/UI/Menus/VictoryScreen.uasset" 368
"../../../Engine/Content/ArtTools/RenderToTexture/Meshes/S_1_Unit_Plane.uasset" 369
"../../../Engine/Content/EditorLandscapeResources/DataLayer.uasset" 370
"../../../Engine/Content/EditorLandscapeResources/DefaultAlphaTexture.uasset" 371
"../../../Engine/Content/EditorMaterials/MAT_Groups_Toggle.uasset" 372
"../../../Engine/Content/EditorMaterials/MAT_Groups_Visibility.uasset" 373
"../../../Engine/Content/EditorMaterials/PreviewShadowIndicator.uasset" 374
"../../../Engine/Content/EditorMaterials/PreviewShadowIndicatorMaterial.uasset" 375
"../../../Engine/Content/EditorMaterials/MatineeGroups/MAT_ColorTrack.uasset" 376
"../../../Engine/Content/EditorMaterials/MatineeGroups/MAT_Groups_Anim.uasset" 377
"../../../Engine/Content/EditorMaterials/MatineeGroups/MAT_Groups_AudioMaster.uasset" 378
"../../../Engine/Content/EditorMaterials/MatineeGroups/MAT_Groups_Director.uasset" 379
"../../../Engine/Content/EditorMaterials/MatineeGroups/MAT_Groups_Event.uasset" 380
"../../../Engine/Content/EditorMaterials/MatineeGroups/MAT_Groups_Fade.uasset" 381
"../../../Engine/Content/EditorMaterials/MatineeGroups/MAT_Groups_Float.uasset" 382
"../../../Engine/Content/EditorMaterials/MatineeGroups/MAT_Groups_Move.uasset" 383
"../../../Engine/Content/EditorMaterials/MatineeGroups/MAT_Groups_Slomo.uasset" 384
"../../../Engine/Content/EditorMaterials/MatineeGroups/MAT_Groups_Sound.uasset" 385
"../../../Engine/Content/EditorMaterials/MatineeGroups/MAT_Groups_Vector.uasset" 386
"../../../Engine/Content/EditorMaterials/ParticleSystems/PSysThumbnail_NoImage.uasset" 387
"../../../Engine/Content/EditorMaterials/ParticleSystems/PSysThumbnail_OOD.uasset" 388
"../../../Engine/Content/EditorMaterials/Camera/CineMat.uasset" 389
"../../../Engine/Content/EditorMaterials/Camera/MI_CineMat_Rig.uasset" 390
"../../../Engine/Content/EditorMeshes/Camera/SM_CraneRig_Arm.uasset" 391
"../../../Engine/Content/EditorMeshes/Camera/SM_CraneRig_Base.uasset" 392
"../../../Engine/Content/EditorMeshes/Camera/SM_CraneRig_Body.uasset" 393
"../../../Engine/Content/EditorMeshes/Camera/SM_CraneRig_Mount.uasset" 394
"../../../Engine/Content/EditorMeshes/Camera/SM_RailRig_Mount.uasset" 395
"../../../Engine/Content/EditorMeshes/Camera/SM_RailRig_Track.uasset" 396
"../../../Engine/Content/EditorResources/BSPVertex.uasset" 397
"../../../Engine/Content/EditorResources/EmptyActor.uasset" 398
"../../../Engine/Content/EditorResources/S_Actor.uasset" 399
"../../../Engine/Content/EditorResources/S_Note.uasset" 400
"../../../Engine/Content/EditorResources/S_Solver.uasset" 401
"../../../Engine/Content/EditorResources/S_Terrain.uasset" 402
"../../../Engine/Content/EditorResources/S_Trigger.uasset" 403
"../../../Engine/Content/EditorResources/LightIcons/S_LightError.uasset" 404
"../../../Engine/Content/EditorResources/SequenceRecorder/Countdown.uasset" 405
"../../../Engine/Content/EditorResources/SequenceRecorder/RecordingIndicator.uasset" 406
"../../../Engine/Content/EngineDamageTypes/DmgTypeBP_Environmental.uasset" 407
"../../../Engine/Content/EngineDebugMaterials/DebugEditorMaterial.uasset" 408
"../../../Engine/Content/EngineDebugMaterials/DebugMeshMaterial.uasset" 409
"../../../Engine/Content/EngineDebugMaterials/M_SimpleUnlitTranslucent.uasset" 410
"../../../Engine/Content/EngineDebugMaterials/VolumeToRender.uasset" 411
"../../../Engine/Content/Functions/Engine_MaterialFunctions02/Utility/CameraDirectionVector.uasset" 412
"../../../Engine/Content/EngineDebugMaterials/M_VolumeRenderSphereTracePP.uasset" 413
"../../../Engine/Content/Functions/Engine_MaterialFunctions01/Shading/ConvertFromDiffSpec.uasset" 414
"../../../Engine/Content/EngineDebugMaterials/VertexColorMaterial.uasset" 415
"../../../Engine/Content/EngineDebugMaterials/WireframeMaterial.uasset" 416
"../../../Engine/Content/EngineFonts/Faces/RobotoRegular.uasset" 417
"../../../Engine/Content/EngineFonts/Faces/RobotoLight.uasset" 418
"../../../Engine/Content/EngineFonts/Faces/RobotoItalic.uasset" 419
"../../../Engine/Content/EngineFonts/Faces/RobotoBoldItalic.uasset" 420
"../../../Engine/Content/EngineFonts/Faces/RobotoBold.uasset" 421
"../../../Engine/Content/EngineFonts/Faces/DroidSansFallback.uasset" 422
"../../../Engine/Content/EngineFonts/Roboto.uasset" 423
"../../../Engine/Content/EngineMaterials/BaseFlattenGrayscaleMap.uasset" 424
"../../../Engine/Content/EngineMaterials/BaseFlattenEmissiveMap.uasset" 425
"../../../Engine/Content/EngineMaterials/BaseFlattenDiffuseMap.uasset" 426
"../../../Engine/Content/EngineMaterials/BaseFlattenMaterial.uasset" 427
"../../../Engine/Content/EngineMaterials/BlueNoise.uasset" 428
"../../../Engine/Content/EngineMaterials/DefaultBloomKernel.uasset" 429
"../../../Engine/Content/EngineMaterials/DefaultBokeh.uasset" 430
"../../../Engine/Content/EngineMaterials/DefaultDeferredDecalMaterial.uasset" 431
"../../../Engine/Content/EngineMaterials/DefaultLightFunctionMaterial.uasset" 432
"../../../Engine/Content/EngineMaterials/DefaultPostProcessMaterial.uasset" 433
"../../../Engine/Content/EngineFonts/RobotoDistanceField.uasset" 434
"../../../Engine/Content/EngineMaterials/DefaultTextMaterialOpaque.uasset" 435
"../../../Engine/Content/EngineMaterials/DefaultWhiteGrid.uasset" 436
"../../../Engine/Content/EngineMaterials/DefaultWhiteGrid_Low.uasset" 437
"../../../Engine/Content/EngineMaterials/EmissiveMeshMaterial.uasset" 438
"../../../Engine/Content/EngineMaterials/GizmoMaterial.uasset" 439
"../../../Engine/Content/EngineMaterials/MiniFont.uasset" 440
"../../../Engine/Content/EngineMaterials/InvalidLightmapSettings.uasset" 441
"../../../Engine/Content/EngineMaterials/M_InvalidLightmapSettings.uasset" 442
"../../../Engine/Content/Functions/Engine_MaterialFunctions02/WorldPositionOffset/CameraOffset.uasset" 443
"../../../Engine/Content/EngineMaterials/PhAT_JointLimitMaterial.uasset" 444
"../../../Engine/Content/EngineMaterials/PreintegratedSkinBRDF.uasset" 445
"../../../Engine/Content/EngineMaterials/RemoveSurfaceMaterial.uasset" 446
"../../../Engine/Content/EngineResources/WhiteSquareTexture.uasset" 447
"../../../Engine/Content/EngineMaterials/Widget3DPassThrough.uasset" 448
"../../../Engine/Content/EngineMaterials/Widget3DPassThrough_Masked.uasset" 449
"../../../Engine/Content/EngineMaterials/Widget3DPassThrough_Opaque.uasset" 450
"../../../Engine/Content/EngineMaterials/Widget3DPassThrough_Masked_OneSided.uasset" 451
"../../../Engine/Content/EngineMaterials/Widget3DPassThrough_Opaque_OneSided.uasset" 452
"../../../Engine/Content/EngineMaterials/Widget3DPassThrough_Translucent.uasset" 453
"../../../Engine/Content/EngineMaterials/Widget3DPassThrough_Translucent_OneSided.uasset" 454
"../../../Engine/Content/EngineMeshes/Cylinder.uasset" 455
"../../../Engine/Content/EngineMeshes/Sphere.uasset" 456
"../../../Engine/Content/EngineResources/DefaultTextureCube.uasset" 457
"../../../Engine/Content/EngineResources/DefaultVolumeTexture2D.uasset" 458
"../../../Engine/Content/EngineResources/DefaultVolumeTexture.uasset" 459
"../../../Engine/Content/EngineResources/GradientTexture0.uasset" 460
"../../../Engine/Content/EngineSky/VolumetricClouds/T_NoiseShape64.uasset" 461
"../../../Engine/Content/EngineSky/VolumetricClouds/T_VolumeNoiseShape64.uasset" 462
"../../../Engine/Content/EngineSky/VolumetricClouds/T_NoiseErosion.uasset" 463
"../../../Engine/Content/EngineSky/VolumetricClouds/T_VolumeNoiseErosion32.uasset" 464
"../../../Engine/Content/EngineSky/VolumetricClouds/CloudWeatherTexture.uasset" 465
"../../../Engine/Content/EngineSky/VolumetricClouds/CloudGradientTexture.uasset" 466
"../../../Engine/Content/EngineSky/VolumetricClouds/m_SimpleVolumetricCloud.uasset" 467
"../../../Engine/Content/EngineSky/VolumetricClouds/m_SimpleVolumetricCloud_Inst.uasset" 468
"../../../Engine/Content/EngineSounds/Master.uasset" 469
"../../../Engine/Content/Functions/Engine_MaterialFunctions01/Shading/PowerToRoughness.uasset" 470
"../../../Engine/Content/Maps/Templates/Thumbnails/Default.uasset" 471
"../../../Engine/Content/Maps/Templates/Thumbnails/TimeOfDay.uasset" 472
"../../../Engine/Content/Maps/Templates/Thumbnails/VR-Basic.uasset" 473
"../../../Engine/Content/MobileResources/T_MobileControls_texture.uasset" 474
"../../../Engine/Content/MobileResources/T_MobileMenu2.uasset" 475
"../../../Engine/Content/MobileResources/HUD/AnalogHat.uasset" 476
"../../../Engine/Content/MobileResources/HUD/VirtualJoystick_Thumb.uasset" 477
"../../../Engine/Content/MobileResources/HUD/VirtualJoystick_Background.uasset" 478
"../../../Engine/Content/MobileResources/HUD/DefaultVirtualJoysticks.uasset" 479
"../../../Engine/Content/MobileResources/HUD/LeftVirtualJoystickOnly.uasset" 480
"../../../Engine/Content/MobileResources/HUD/MobileHUDButton1_off.uasset" 481
"../../../Engine/Content/MobileResources/HUD/MobileHUDButton1_on.uasset" 482
"../../../Engine/Content/MobileResources/HUD/MobileHUDButton2_off.uasset" 483
"../../../Engine/Content/MobileResources/HUD/MobileHUDButton2_on.uasset" 484
"../../../Engine/Content/MobileResources/HUD/MobileHUDButton3.uasset" 485
"../../../Engine/Content/MobileResources/HUD/MobileHUDButtonFire.uasset" 486
"../../../Engine/Content/MobileResources/HUD/MobileHUDDirectionPad.uasset" 487
"../../../Engine/Content/MobileResources/HUD/MobileHUDDirectionPad2.uasset" 488
"../../../Engine/Content/MobileResources/HUD/MobileHUDDirectionPad3.uasset" 489
"../../../Engine/Content/MobileResources/HUD/MobileHUDDirectionStick.uasset" 490
"../../../Engine/Content/MobileResources/HUD/T_Castle_ThumbstickInner.uasset" 491
"../../../Engine/Content/MobileResources/HUD/T_Castle_ThumbstickOutter.uasset" 492
"../../../Engine/Content/Tutorial/ContentIntroCurve.uasset" 493
"../../../Engine/Content/Tutorial/Basics/LevelEditorAttract.uasset" 494
"../../../Engine/Content/Tutorial/Basics/TutorialAssets/icon_tab_Levels_40x.uasset" 495
"../../../Engine/Content/Tutorial/Basics/LevelEditorOverview.uasset" 496
"../../../Engine/Content/Tutorial/Code/AddingCode.uasset" 497
"../../../Engine/Content/Tutorial/Landscape/TutorialAssets/Landscape.uasset" 498
"../../../Engine/Content/Tutorial/Landscape/LandscapeWalkThrough.uasset" 499
"../../../Engine/Content/Tutorial/Landscape/Landscape_Manage_Mode.uasset" 500
"../../../Engine/Content/Tutorial/Landscape/Landscape_Painting_Mode.uasset" 501
"../../../Engine/Content/Tutorial/Landscape/Landscape_Sculpt_Mode.uasset" 502
"../../../Engine/Content/VREditor/TransformGizmo/TranslucentTransformGizmoMaterial.uasset" 503
"../../../Engine/Content/VREditor/LaserPointer/VR_LaserPower_01.uasset" 504
"../../../Engine/Content/VREditor/TransformGizmo/TransformGizmoMaterial.uasset" 505
"../../../Engine/Content/VREditor/TransformGizmo/BoundingBoxCorner.uasset" 506
"../../../Engine/Content/VREditor/TransformGizmo/BoundingBoxEdge.uasset" 507
"../../../Engine/Content/VREditor/TransformGizmo/PlaneTranslationHandle.uasset" 508
"../../../Engine/Content/VREditor/TransformGizmo/Xray.uasset" 509
"../../../Engine/Content/VREditor/TransformGizmo/Main.uasset" 510
"../../../Engine/Content/VREditor/TransformGizmo/SM_Sequencer_Key.uasset" 511
"../../../Engine/Content/VREditor/TransformGizmo/SM_Sequencer_Node.uasset" 512
"../../Plugins/2D/Paper2D/Content/PlaceholderTextures/DummySpriteTexture.uasset" 513
"../../Plugins/2D/Paper2D/Content/DummySprite.uasset" 514
"../../Plugins/2D/Paper2D/Content/DefaultPaperTerrainMaterial.uasset" 515
"../../Plugins/2D/Paper2D/Content/DefaultSpriteMaterial.uasset" 516
"../../Plugins/2D/Paper2D/Content/MaskedUnlitSpriteMaterial.uasset" 517
"../../Plugins/2D/Paper2D/Content/OpaqueUnlitSpriteMaterial.uasset" 518
"../../Plugins/Editor/SpeedTreeImporter/Content/SpeedTree9/UnpackInteger3.uasset" 519
"../../Plugins/Editor/SpeedTreeImporter/Content/SpeedTree9/UnpackDirection.uasset" 520
"../../Plugins/Editor/SpeedTreeImporter/Content/SpeedTree9/game_wind_noise.uasset" 521
"../../Plugins/Editor/SpeedTreeImporter/Content/SpeedTree9/SpeedTreeWindMotion.uasset" 522
"../../Plugins/Editor/SpeedTreeImporter/Content/SpeedTree9/SpeedTreeBranchMotion.uasset" 523
"../../../Engine/Content/Functions/Engine_MaterialFunctions02/ObjectLocalBounds.uasset" 524
"../../../Engine/Content/Functions/Engine_MaterialFunctions02/UVs/BoundingBoxBased_0-1_UVW.uasset" 525
"../../Plugins/Editor/SpeedTreeImporter/Content/SpeedTree9/SpeedTreeWind.uasset" 526
"../../Plugins/Editor/SpeedTreeImporter/Content/SpeedTree9/SpeedTreeBillboard.uasset" 527
"../../Plugins/Editor/SpeedTreeImporter/Content/SpeedTree9/SpeedTreeBillboardMaster.uasset" 528
"../../Plugins/Editor/SpeedTreeImporter/Content/SpeedTree9/SpeedTreeCameraFacing.uasset" 529
"../../Plugins/Editor/SpeedTreeImporter/Content/SpeedTree9/SpeedTreeMaster.uasset" 530
"../../../Engine/Content/ArtTools/RenderToTexture/Materials/Debug/M_Emissive_Color.uasset" 531
"../../Plugins/Lumin/MagicLeapPassableWorld/Content/MagicLeapARPinInfoActor.uasset" 532
"../../../Engine/Content/Functions/Engine_MaterialFunctions02/Utility/BreakOutFloat4Components.uasset" 533
"../../Plugins/Runtime/Oculus/OculusVR/Content/Materials/OculusMR_ChromaKey.uasset" 534
"../../Plugins/Runtime/Oculus/OculusVR/Content/Materials/OculusMR_OpaqueColoredMaterial.uasset" 535
"../../Plugins/Runtime/Oculus/OculusVR/Content/Materials/PokeAHoleMaterial.uasset" 536
"D:/Unreal Projects/TheHunt/Content/StarterContent/Particles/P_Smoke.uasset" 537
"D:/Unreal Projects/TheHunt/Content/Materials/TEXTURING/Rochers/roches/roche_grise_2/roche_grise___2_height.uasset" 538
"../../../Engine/Content/EngineSky/T_Sky_Stars.uasset" 539
"../../../Engine/Content/EngineSky/T_Sky_Clouds_M.uasset" 540
"../../../Engine/Content/EngineSky/T_Sky_Blue.uasset" 541
"../../../Engine/Content/EngineMaterials/WeightMapPlaceholderTexture.uasset" 542
"../../../Engine/Content/EngineMaterials/DefaultPhysicalMaterial.uasset" 543
"D:/Unreal Projects/TheHunt/Content/Materials/TEXTURING/alien_material/Trianglesstatic.uasset" 544
"D:/Unreal Projects/TheHunt/Content/Materials/TEXTURING/alien_material/Trianglesstatic_Inst.uasset" 545
"../../../Engine/Content/EngineSky/M_Sky_Panning_Clouds2.uasset" 546
"D:/Unreal Projects/TheHunt/Content/Levels/BlockOut_Map_BuiltData.uasset" 547
"D:/Unreal Projects/TheHunt/Content/Levels/BlockOut_Map_sharedassets/Auto_LayerInfo.uasset" 548
"D:/Unreal Projects/TheHunt/Content/Materials/TEXTURING/Landscape/MF_Sand.uasset" 549
"../../../Engine/Content/Functions/Engine_MaterialFunctions01/Texturing/WorldAlignedTexture.uasset" 550
"D:/Unreal Projects/TheHunt/Content/Materials/TEXTURING/Landscape/MF_Rock.uasset" 551
"D:/Unreal Projects/TheHunt/Content/Materials/TEXTURING/Landscape/MF_Pebbles.uasset" 552
"D:/Unreal Projects/TheHunt/Content/Materials/TEXTURING/Landscape/BlendTerrain_function.uasset" 553
"D:/Unreal Projects/TheHunt/Content/Materials/TEXTURING/Landscape/Mat_terrain_AutoMaterial.uasset" 554
"D:/Unreal Projects/TheHunt/Content/Materials/TEXTURING/Landscape/Mat_terrain_AutoMaterial_Inst.uasset" 555
"../../../Engine/Content/EngineSky/SM_SkySphere.uasset" 556
"../../../Engine/Content/EngineSky/C_Sky_Zenith_Color.uasset" 557
"../../../Engine/Content/EngineSky/C_Sky_Horizon_Color.uasset" 558
"../../../Engine/Content/EngineSky/C_Sky_Cloud_Color.uasset" 559
"../../../Engine/Content/EngineSky/BP_Sky_Sphere.uasset" 560
"D:/Unreal Projects/TheHunt/Content/Geometry/Meshs/WreckLooters/MES_ENV_WL_Deco_BlockoutCaisse.uasset" 561
"D:/Unreal Projects/TheHunt/Content/Materials/TEXTURING/hardsurface/BlockoutTextureWL/TentureBlouckout.uasset" 562
"D:/Unreal Projects/TheHunt/Content/Materials/TEXTURING/hardsurface/BlockoutTextureWL/TentureBlouckout_Inst.uasset" 563
"D:/Unreal Projects/TheHunt/Content/Geometry/Meshs/WreckLooters/MES_Env_WL_Blockouttenture_2.uasset" 564
"D:/Unreal Projects/TheHunt/Content/Geometry/Meshs/WreckLooters/MES_Env_WL_Blockouttenture_1.uasset" 565
"D:/Unreal Projects/TheHunt/Content/Materials/TEXTURING/hardsurface/BlockoutTextureWL/Metal_roughness.uasset" 566
"D:/Unreal Projects/TheHunt/Content/Materials/TEXTURING/hardsurface/BlockoutTextureWL/Metal_normal.uasset" 567
"D:/Unreal Projects/TheHunt/Content/Materials/TEXTURING/hardsurface/BlockoutTextureWL/Metal_metallic.uasset" 568
"D:/Unreal Projects/TheHunt/Content/Materials/TEXTURING/hardsurface/BlockoutTextureWL/Metal_height.uasset" 569
"D:/Unreal Projects/TheHunt/Content/Materials/TEXTURING/hardsurface/BlockoutTextureWL/Metal_basecolor.uasset" 570
"D:/Unreal Projects/TheHunt/Content/Materials/TEXTURING/hardsurface/BlockoutTextureWL/Metal_ambientocclusion.uasset" 571
"D:/Unreal Projects/TheHunt/Content/Materials/TEXTURING/hardsurface/BlockoutTextureWL/Metal.uasset" 572
"D:/Unreal Projects/TheHunt/Content/Materials/TEXTURING/hardsurface/BlockoutTextureWL/Metal_Inst.uasset" 573
"D:/Unreal Projects/TheHunt/Content/Geometry/Meshs/WreckLooters/MES_Env_WL_BlockoutBatiment_5.uasset" 574
"D:/Unreal Projects/TheHunt/Content/Geometry/Meshs/WreckLooters/MES_Env_WL_BlockoutBatiment_4.uasset" 575
"D:/Unreal Projects/TheHunt/Content/Geometry/Meshs/WreckLooters/MES_Env_WL_BlockoutBatiment_3.uasset" 576
"D:/Unreal Projects/TheHunt/Content/Geometry/Meshs/WreckLooters/MES_Env_WL_BlockoutBatiment_2.uasset" 577
"D:/Unreal Projects/TheHunt/Content/Geometry/Meshs/WreckLooters/MES_Env_WL_BlockoutBatiment_1.uasset" 578
"D:/Unreal Projects/TheHunt/Content/Geometry/Meshs/WreckLooters/FallingMesh.uasset" 579
"D:/Unreal Projects/TheHunt/Content/Materials/TEXTURING/hardsurface/DupuyPaolo_EX3_piecemechanique_Low_1001_Roughness.uasset" 580
"D:/Unreal Projects/TheHunt/Content/Materials/TEXTURING/hardsurface/DupuyPaolo_EX3_piecemechanique_Low_1001_Normal.uasset" 581
"D:/Unreal Projects/TheHunt/Content/Materials/TEXTURING/hardsurface/DupuyPaolo_EX3_piecemechanique_Low_1001_Metallic.uasset" 582
"D:/Unreal Projects/TheHunt/Content/Materials/TEXTURING/hardsurface/DupuyPaolo_EX3_piecemechanique_Low_1001_BaseColor.uasset" 583
"D:/Unreal Projects/TheHunt/Content/Materials/TEXTURING/hardsurface/hardthing.uasset" 584
"D:/Unreal Projects/TheHunt/Content/Materials/TEXTURING/hardsurface/hardthing_Inst.uasset" 585
"D:/Unreal Projects/TheHunt/Content/Geometry/Meshs/WreckLooters/DupuyPaolo_EX3_piecemechanique_Low.uasset" 586
"D:/Unreal Projects/TheHunt/Content/Geometry/Meshs/Rocks/Blockout/MES_ENV_NAT_Struct_BlockoutRocks_Cube_013.uasset" 587
"D:/Unreal Projects/TheHunt/Content/Geometry/Meshs/Rocks/Blockout/MES_ENV_NAT_Struct_BlockoutRocks_Cube_012.uasset" 588
"D:/Unreal Projects/TheHunt/Content/Geometry/Meshs/Rocks/Blockout/MES_ENV_NAT_Struct_BlockoutRocks_Cube_011.uasset" 589
"D:/Unreal Projects/TheHunt/Content/Geometry/Meshs/Rocks/Blockout/Collision_MAT.uasset" 590
"D:/Unreal Projects/TheHunt/Content/Materials/TEXTURING/Rochers/rocher_desert/Rocher_master_desert_Inst.uasset" 591
"D:/Unreal Projects/TheHunt/Content/Geometry/Meshs/Rocks/RocherDesertLow.uasset" 592
"D:/Unreal Projects/TheHunt/Content/Materials/TEXTURING/Rochers/TEX/rocherdesert3LOW_1001_Normal.uasset" 593
"D:/Unreal Projects/TheHunt/Content/Materials/TEXTURING/Rochers/TEX/rocherdesert3LOW_1001_BaseColor.uasset" 594
"D:/Unreal Projects/TheHunt/Content/Materials/TEXTURING/Rochers/rocher_desert/RocherPLAT_master_desert_Inst_Inst.uasset" 595
"D:/Unreal Projects/TheHunt/Content/Geometry/Meshs/Rocks/rocherdesert3LOW.uasset" 596
"D:/Unreal Projects/TheHunt/Content/Geometry/Meshs/Aliens/ReacteurAlienSpaceShip.uasset" 597
"D:/Unreal Projects/TheHunt/Content/Geometry/Meshs/Aliens/NewMaterial.uasset" 598
"D:/Unreal Projects/TheHunt/Content/Geometry/Meshs/Aliens/NewMaterial_Inst.uasset" 599
"D:/Unreal Projects/TheHunt/Content/Geometry/Meshs/Aliens/MES_ENV_AL_struct_Spaceship.uasset" 600
"D:/Unreal Projects/TheHunt/Content/Geometry/Meshs/MES_Env_SpaceShip_BlockoutVaisseauPolitique.uasset" 601
"D:/Unreal Projects/TheHunt/Content/Geometry/Meshs/MES_Env_SpaceShip_BlockoutVaisseauHero.uasset" 602
"D:/Unreal Projects/TheHunt/Content/Blueprints/AI/TargetPointAI.uasset" 603
"D:/Unreal Projects/TheHunt/Content/Blueprints/AI/SpawnActor_BP.uasset" 604
"D:/Unreal Projects/TheHunt/Content/Blueprints/Environment/FallingMesh.uasset" 605
"D:/Unreal Projects/TheHunt/Content/UI/Cinematics/Cutscene/BD_cutscene_bridge_5.uasset" 606
"D:/Unreal Projects/TheHunt/Content/UI/Cinematics/Cutscene/BD_cutscene_bridge_4.uasset" 607
"D:/Unreal Projects/TheHunt/Content/UI/Cinematics/Cutscene/BD_cutscene_bridge_3.uasset" 608
"D:/Unreal Projects/TheHunt/Content/UI/Cinematics/Cutscene/BD_cutscene_bridge_2.uasset" 609
"D:/Unreal Projects/TheHunt/Content/UI/Cinematics/Cutscene/BD_cutscene_bridge_1.uasset" 610
"D:/Unreal Projects/TheHunt/Content/UI/Menus/CutScene_Widget.uasset" 611
"D:/Unreal Projects/TheHunt/Content/Blueprints/Environment/FallingMesh1.uasset" 612
"D:/Unreal Projects/TheHunt/Content/Blueprints/Environment/FallingMesh2.uasset" 613
"D:/Unreal Projects/TheHunt/Content/Blueprints/Camera_Manager.uasset" 614
"D:/Unreal Projects/TheHunt/Content/Blueprints/Hunter_PlayerController.uasset" 615
"D:/Unreal Projects/TheHunt/Content/Blueprints/ThirdPersonGameMode.uasset" 616
"D:/Unreal Projects/TheHunt/Content/Blueprints/VictoryBoxTrigger.uasset" 617
"D:/Unreal Projects/TheHunt/Content/Levels/BlockOut_Map.umap" 618
"D:/Unreal Projects/TheHunt/Content/ThirdPerson/Meshes/RampMaterial.uasset" 619
"D:/Unreal Projects/TheHunt/Content/ThirdPerson/Meshes/RightArm_StaticMesh.uasset" 620
"D:/Unreal Projects/TheHunt/Content/ThirdPerson/Meshes/Ramp_StaticMesh.uasset" 621
"D:/Unreal Projects/TheHunt/Content/ThirdPerson/Meshes/Linear_Stair_StaticMesh.uasset" 622
"D:/Unreal Projects/TheHunt/Content/ThirdPerson/Meshes/LeftArm_StaticMesh.uasset" 623
"D:/Unreal Projects/TheHunt/Content/ThirdPerson/Meshes/Bump_StaticMesh.uasset" 624
"D:/Unreal Projects/TheHunt/Content/Geometry/Meshes/TemplateFloor.uasset" 625
"D:/Unreal Projects/TheHunt/Content/Geometry/Meshes/1M_Cube_Chamfer.uasset" 626
"D:/Unreal Projects/TheHunt/Content/Levels/Henri_Map.umap" 627
"D:/Unreal Projects/TheHunt/Content/Levels/Joris_Map_BuiltData.uasset" 628
"D:/Unreal Projects/TheHunt/Content/Levels/Joris_Map.umap" 629
"D:/Unreal Projects/TheHunt/Content/UI/Menus/MainMenu.uasset" 630
"D:/Unreal Projects/TheHunt/Content/Levels/Menu_BuiltData.uasset" 631
"D:/Unreal Projects/TheHunt/Content/Levels/Menu.umap" 632
"../../../Engine/Content/BasicShapes/Sphere.uasset" 633
"D:/Unreal Projects/TheHunt/Content/Levels/Paolo_Map_sharedassets/Sand_LayerInfo.uasset" 634
"D:/Unreal Projects/TheHunt/Content/Levels/Paolo_Map_sharedassets/Rubbles_LayerInfo.uasset" 635
"D:/Unreal Projects/TheHunt/Content/Levels/Paolo_Map_sharedassets/Rock_LayerInfo.uasset" 636
"D:/Unreal Projects/TheHunt/Content/Levels/Paolo_Map_sharedassets/Auto_LayerInfo.uasset" 637
"D:/Unreal Projects/TheHunt/Content/Materials/TEXTURING/tesselatedSand/VirtualTEXTVolume.uasset" 638
"D:/Unreal Projects/TheHunt/Content/Levels/Paolo_Map.umap" 639
"D:/Unreal Projects/TheHunt/Content/Levels/Test3C_Map_BuiltData.uasset" 640
"D:/Unreal Projects/TheHunt/Content/Levels/Test3C_Map.umap" 641
"D:/Unreal Projects/TheHunt/Content/Levels/Intro_Map_BuiltData.uasset" 642
"D:/Unreal Projects/TheHunt/Content/Levels/Intro_Map.umap" 643
"D:/Unreal Projects/TheHunt/Content/UI/Cinematics/Outro_MP.uasset" 644
"D:/Unreal Projects/TheHunt/Content/UI/Cinematics/Outro_MP_Video.uasset" 645
"D:/Unreal Projects/TheHunt/Content/UI/Cinematics/Outro_MP_Video_Mat.uasset" 646
"D:/Unreal Projects/TheHunt/Content/UI/Menus/Outro_Widget.uasset" 647
"D:/Unreal Projects/TheHunt/Content/Levels/Outro_Map_BuiltData.uasset" 648
"D:/Unreal Projects/TheHunt/Content/Levels/Outro_Map.umap" 649
"../../../Engine/Content/Maps/Entry_BuiltData.uasset" 650
"../../../Engine/Content/Maps/Entry.umap" 651
